<?xml version="1.0" encoding="UTF-8"?>
<!-- Generated by org.testng.reporters.JUnitReportReporter -->
<testsuite hostname="Pranjal-Lapi" failures="0" tests="7" name="TestNGFramework.tests.LoginTest" time="1.807" errors="0" timestamp="2022-09-27T21:11:38 IST" skipped="0">
  <testcase classname="TestNGFramework.tests.LoginTest" name="doLogin" time="0.168"/>
  <system-out/>
  <testcase classname="TestNGFramework.tests.LoginTest" name="doLogin" time="0.201"/>
  <system-out/>
  <testcase classname="TestNGFramework.tests.LoginTest" name="doLogin" time="0.169"/>
  <system-out/>
  <testcase classname="TestNGFramework.tests.LoginTest" name="doLogin" time="0.169"/>
  <system-out/>
  <testcase classname="TestNGFramework.tests.LoginTest" name="doLogin" time="0.161"/>
  <system-out/>
  <testcase classname="TestNGFramework.tests.LoginTest" name="doLogin" time="0.789"/>
  <system-out/>
  <testcase classname="TestNGFramework.tests.LoginTest" name="doLogin" time="0.150"/>
  <system-out/>
</testsuite> <!-- TestNGFramework.tests.LoginTest -->
