<?xml version="1.0" encoding="UTF-8"?>
<!-- Generated by org.testng.reporters.JUnitReportReporter -->
<testsuite hostname="Pranjal-Lapi" failures="0" tests="1" name="TestNGFramework.tests.LoginTest" time="3.056" errors="0" timestamp="2022-09-24T00:16:17 IST" skipped="0">
  <testcase classname="TestNGFramework.tests.LoginTest" name="doLogin" time="3.056"/>
  <system-out/>
</testsuite> <!-- TestNGFramework.tests.LoginTest -->
