<?xml version="1.0" encoding="UTF-8"?>
<!-- Generated by org.testng.reporters.JUnitReportReporter -->
<testsuite hostname="Pranjal-Lapi" failures="0" tests="1" name="TestNGFramework.tests.LoginTest" time="0.822" errors="0" timestamp="2022-09-24T18:08:37 IST" skipped="0">
  <testcase classname="TestNGFramework.tests.LoginTest" name="doLogin" time="0.822"/>
  <system-out/>
</testsuite> <!-- TestNGFramework.tests.LoginTest -->
