<?xml version="1.0" encoding="UTF-8"?>
<!-- Generated by org.testng.reporters.JUnitReportReporter -->
<testsuite hostname="Pranjal-Lapi" failures="0" tests="7" name="TestNGFramework.tests.LoginTest" time="16.141" errors="0" timestamp="2022-09-25T18:40:00 IST" skipped="0">
  <testcase classname="TestNGFramework.tests.LoginTest" name="doLogin" time="2.206"/>
  <system-out/>
  <testcase classname="TestNGFramework.tests.LoginTest" name="doLogin" time="2.109"/>
  <system-out/>
  <testcase classname="TestNGFramework.tests.LoginTest" name="doLogin" time="2.158"/>
  <system-out/>
  <testcase classname="TestNGFramework.tests.LoginTest" name="doLogin" time="2.153"/>
  <system-out/>
  <testcase classname="TestNGFramework.tests.LoginTest" name="doLogin" time="2.131"/>
  <system-out/>
  <testcase classname="TestNGFramework.tests.LoginTest" name="doLogin" time="3.250"/>
  <system-out/>
  <testcase classname="TestNGFramework.tests.LoginTest" name="doLogin" time="2.134"/>
  <system-out/>
</testsuite> <!-- TestNGFramework.tests.LoginTest -->
