<?xml version="1.0" encoding="UTF-8"?>
<!-- Generated by org.testng.reporters.JUnitReportReporter -->
<testsuite hostname="Pranjal-Lapi" failures="0" tests="6" name="TestNGFramework.tests.RegisterTest" time="1.519" errors="0" timestamp="2022-09-27T21:11:38 IST" skipped="0">
  <testcase classname="TestNGFramework.tests.RegisterTest" name="doRegister" time="0.190"/>
  <system-out/>
  <testcase classname="TestNGFramework.tests.RegisterTest" name="doRegister" time="0.161"/>
  <system-out/>
  <testcase classname="TestNGFramework.tests.RegisterTest" name="doRegister" time="0.280"/>
  <system-out/>
  <testcase classname="TestNGFramework.tests.RegisterTest" name="doRegister" time="0.173"/>
  <system-out/>
  <testcase classname="TestNGFramework.tests.RegisterTest" name="doRegister" time="0.288"/>
  <system-out/>
  <testcase classname="TestNGFramework.tests.RegisterTest" name="doRegister" time="0.427"/>
  <system-out/>
</testsuite> <!-- TestNGFramework.tests.RegisterTest -->
